# JRE version: Java(TM) SE Runtime Environment (8.0_201-b09) (build 1.8.0_201-b09)
# Java VM: Java HotSpot(TM) 64-Bit Server VM (25.201-b09 mixed mode linux-amd64 compressed oops)
Heap:
 PSYoungGen      total 260096K, used 2036K [0x000000076d380000, 0x000000077d380000, 0x00000007c0000000)
  eden space 258048K, 0% used [0x000000076d380000,0x000000076d380000,0x000000077cf80000)
  from space 2048K, 99% used [0x000000077cf80000,0x000000077d17d150,0x000000077d180000)
  to   space 2048K, 0% used [0x000000077d180000,0x000000077d180000,0x000000077d380000)
 ParOldGen       total 171008K, used 7214K [0x00000006c7a00000, 0x00000006d2100000, 0x000000076d380000)
  object space 171008K, 4% used [0x00000006c7a00000,0x00000006c810b878,0x00000006d2100000)
 Metaspace       used 10624K, capacity 10826K, committed 11008K, reserved 1058816K
  class space    used 1156K, capacity 1217K, committed 1280K, reserved 1048576K
GC Heap History (10 events):
Event: 0,425 GC heap after
Heap after GC invocations=2 (full 0):
 PSYoungGen      total 74752K, used 1376K [0x000000076d380000, 0x0000000776580000, 0x00000007c0000000)
  eden space 64512K, 0% used [0x000000076d380000,0x000000076d380000,0x0000000771280000)
  from space 10240K, 13% used [0x0000000771c80000,0x0000000771dd8050,0x0000000772680000)
  to   space 10240K, 0% used [0x0000000771280000,0x0000000771280000,0x0000000771c80000)
 ParOldGen       total 171008K, used 8K [0x00000006c7a00000, 0x00000006d2100000, 0x000000076d380000)
  object space 171008K, 0% used [0x00000006c7a00000,0x00000006c7a02000,0x00000006d2100000)
 Metaspace       used 4820K, capacity 4952K, committed 4992K, reserved 1056768K
  class space    used 538K, capacity 606K, committed 640K, reserved 1048576K
}
Event: 0,437 GC heap before
{Heap before GC invocations=3 (full 0):
 PSYoungGen      total 74752K, used 65745K [0x000000076d380000, 0x0000000776580000, 0x00000007c0000000)
  eden space 64512K, 99% used [0x000000076d380000,0x000000077125c7a0,0x0000000771280000)
  from space 10240K, 13% used [0x0000000771c80000,0x0000000771dd8050,0x0000000772680000)
  to   space 10240K, 0% used [0x0000000771280000,0x0000000771280000,0x0000000771c80000)
 ParOldGen       total 171008K, used 8K [0x00000006c7a00000, 0x00000006d2100000, 0x000000076d380000)
  object space 171008K, 0% used [0x00000006c7a00000,0x00000006c7a02000,0x00000006d2100000)
 Metaspace       used 4820K, capacity 4952K, committed 4992K, reserved 1056768K
  class space    used 538K, capacity 606K, committed 640K, reserved 1048576K
Event: 0,442 GC heap after
Heap after GC invocations=3 (full 0):
 PSYoungGen      total 74752K, used 1376K [0x000000076d380000, 0x0000000776580000, 0x00000007c0000000)
  eden space 64512K, 0% used [0x000000076d380000,0x000000076d380000,0x0000000771280000)
  from space 10240K, 13% used [0x0000000771280000,0x00000007713d8350,0x0000000771c80000)
  to   space 10240K, 0% used [0x0000000775b80000,0x0000000775b80000,0x0000000776580000)
 ParOldGen       total 171008K, used 16K [0x00000006c7a00000, 0x00000006d2100000, 0x000000076d380000)
  object space 171008K, 0% used [0x00000006c7a00000,0x00000006c7a04000,0x00000006d2100000)
 Metaspace       used 4820K, capacity 4952K, committed 4992K, reserved 1056768K
  class space    used 538K, capacity 606K, committed 640K, reserved 1048576K
}
Event: 0,455 GC heap before
{Heap before GC invocations=4 (full 0):
 PSYoungGen      total 74752K, used 65752K [0x000000076d380000, 0x0000000776580000, 0x00000007c0000000)
  eden space 64512K, 99% used [0x000000076d380000,0x000000077125df50,0x0000000771280000)
  from space 10240K, 13% used [0x0000000771280000,0x00000007713d8350,0x0000000771c80000)
  to   space 10240K, 0% used [0x0000000775b80000,0x0000000775b80000,0x0000000776580000)
 ParOldGen       total 171008K, used 16K [0x00000006c7a00000, 0x00000006d2100000, 0x000000076d380000)
  object space 171008K, 0% used [0x00000006c7a00000,0x00000006c7a04000,0x00000006d2100000)
 Metaspace       used 4820K, capacity 4952K, committed 4992K, reserved 1056768K
  class space    used 538K, capacity 606K, committed 640K, reserved 1048576K
Event: 0,460 GC heap after
Heap after GC invocations=4 (full 0):
 PSYoungGen      total 139264K, used 1379K [0x000000076d380000, 0x0000000776580000, 0x00000007c0000000)
  eden space 129024K, 0% used [0x000000076d380000,0x000000076d380000,0x0000000775180000)
  from space 10240K, 13% used [0x0000000775b80000,0x0000000775cd8fc0,0x0000000776580000)
  to   space 10240K, 0% used [0x0000000775180000,0x0000000775180000,0x0000000775b80000)
 ParOldGen       total 171008K, used 16K [0x00000006c7a00000, 0x00000006d2100000, 0x000000076d380000)
  object space 171008K, 0% used [0x00000006c7a00000,0x00000006c7a04000,0x00000006d2100000)
 Metaspace       used 4820K, capacity 4952K, committed 4992K, reserved 1056768K
  class space    used 538K, capacity 606K, committed 640K, reserved 1048576K
}
Event: 0,511 GC heap before
{Heap before GC invocations=5 (full 0):
 PSYoungGen      total 139264K, used 130187K [0x000000076d380000, 0x0000000776580000, 0x00000007c0000000)
  eden space 129024K, 99% used [0x000000076d380000,0x0000000775149f38,0x0000000775180000)
  from space 10240K, 13% used [0x0000000775b80000,0x0000000775cd8fc0,0x0000000776580000)
  to   space 10240K, 0% used [0x0000000775180000,0x0000000775180000,0x0000000775b80000)
 ParOldGen       total 171008K, used 16K [0x00000006c7a00000, 0x00000006d2100000, 0x000000076d380000)
  object space 171008K, 0% used [0x00000006c7a00000,0x00000006c7a04000,0x00000006d2100000)
 Metaspace       used 4820K, capacity 4952K, committed 4992K, reserved 1056768K
  class space    used 538K, capacity 606K, committed 640K, reserved 1048576K
Event: 0,521 GC heap after
Heap after GC invocations=5 (full 0):
 PSYoungGen      total 139264K, used 1472K [0x000000076d380000, 0x000000077d380000, 0x00000007c0000000)
  eden space 129024K, 0% used [0x000000076d380000,0x000000076d380000,0x0000000775180000)
  from space 10240K, 14% used [0x0000000775180000,0x00000007752f0148,0x0000000775b80000)
  to   space 2048K, 0% used [0x000000077d180000,0x000000077d180000,0x000000077d380000)
 ParOldGen       total 171008K, used 16K [0x00000006c7a00000, 0x00000006d2100000, 0x000000076d380000)
  object space 171008K, 0% used [0x00000006c7a00000,0x00000006c7a04000,0x00000006d2100000)
 Metaspace       used 4820K, capacity 4952K, committed 4992K, reserved 1056768K
  class space    used 538K, capacity 606K, committed 640K, reserved 1048576K
}
Event: 0,540 GC heap before
{Heap before GC invocations=6 (full 0):
 PSYoungGen      total 139264K, used 130414K [0x000000076d380000, 0x000000077d380000, 0x00000007c0000000)
  eden space 129024K, 99% used [0x000000076d380000,0x000000077516b928,0x0000000775180000)
  from space 10240K, 14% used [0x0000000775180000,0x00000007752f0148,0x0000000775b80000)
  to   space 2048K, 0% used [0x000000077d180000,0x000000077d180000,0x000000077d380000)
 ParOldGen       total 171008K, used 16K [0x00000006c7a00000, 0x00000006d2100000, 0x000000076d380000)
  object space 171008K, 0% used [0x00000006c7a00000,0x00000006c7a04000,0x00000006d2100000)
 Metaspace       used 4820K, capacity 4952K, committed 4992K, reserved 1056768K
  class space    used 538K, capacity 606K, committed 640K, reserved 1048576K
Event: 0,544 GC heap after
Heap after GC invocations=6 (full 0):
 PSYoungGen      total 260096K, used 1533K [0x000000076d380000, 0x000000077d380000, 0x00000007c0000000)
  eden space 258048K, 0% used [0x000000076d380000,0x000000076d380000,0x000000077cf80000)
  from space 2048K, 74% used [0x000000077d180000,0x000000077d2ff4c8,0x000000077d380000)
  to   space 2048K, 0% used [0x000000077cf80000,0x000000077cf80000,0x000000077d180000)
 ParOldGen       total 171008K, used 16K [0x00000006c7a00000, 0x00000006d2100000, 0x000000076d380000)
  object space 171008K, 0% used [0x00000006c7a00000,0x00000006c7a04000,0x00000006d2100000)
 Metaspace       used 4820K, capacity 4952K, committed 4992K, reserved 1056768K
  class space    used 538K, capacity 606K, committed 640K, reserved 1048576K
}
Event: 10,193 GC heap before
{Heap before GC invocations=7 (full 0):
 PSYoungGen      total 260096K, used 259581K [0x000000076d380000, 0x000000077d380000, 0x00000007c0000000)
  eden space 258048K, 100% used [0x000000076d380000,0x000000077cf80000,0x000000077cf80000)
  from space 2048K, 74% used [0x000000077d180000,0x000000077d2ff4c8,0x000000077d380000)
  to   space 2048K, 0% used [0x000000077cf80000,0x000000077cf80000,0x000000077d180000)
 ParOldGen       total 171008K, used 16K [0x00000006c7a00000, 0x00000006d2100000, 0x000000076d380000)
  object space 171008K, 0% used [0x00000006c7a00000,0x00000006c7a04000,0x00000006d2100000)
 Metaspace       used 10624K, capacity 10826K, committed 11008K, reserved 1058816K
  class space    used 1156K, capacity 1217K, committed 1280K, reserved 1048576K

